2021-10-26 15:27:52,579 [Worker-6: Loading available Gradle versions] INFO  o.e.b.c.i.u.g.PublishedGradleVersions - Gradle version information cache is up-to-date. Trying to read.
2021-10-26 17:15:18,737 [Worker-5: Loading available Gradle versions] INFO  o.e.b.c.i.u.g.PublishedGradleVersions - Gradle version information cache is up-to-date. Trying to read.
2021-10-26 17:16:07,415 [Worker-10: Updating Maven Dependencies] INFO  o.e.m.c.i.l.LifecycleMappingFactory - Using org.maven.ide.eclipse.wtp.WarLifecycleMapping lifecycle mapping for MavenProject: JspStudy:JspStudy:0.0.1-SNAPSHOT @ C:\Users\ebyul\OneDrive\바탕 화면\코리아\백엔드2\김준일강사\workspace\JspStudy\pom.xml.
2021-10-26 17:16:07,496 [Worker-9: Building] INFO  o.e.m.c.i.l.LifecycleMappingFactory - Using org.maven.ide.eclipse.wtp.WarLifecycleMapping lifecycle mapping for MavenProject: JspStudy:JspStudy:0.0.1-SNAPSHOT @ C:\Users\ebyul\OneDrive\바탕 화면\코리아\백엔드2\김준일강사\workspace\JspStudy\pom.xml.
2021-10-26 17:16:08,803 [Worker-9: Building] WARN  o.e.m.c.i.embedder.EclipseLogger - Using platform encoding (MS949 actually) to copy filtered resources, i.e. build is platform dependent!
2021-10-26 17:16:08,805 [Worker-9: Building] INFO  o.e.m.c.i.embedder.EclipseLogger - skip non existing resourceDirectory C:\Users\ebyul\OneDrive\바탕 화면\코리아\백엔드2\김준일강사\workspace\JspStudy\src\main\resources
2021-10-26 17:16:08,807 [Worker-9: Building] WARN  o.e.m.c.i.embedder.EclipseLogger - Using platform encoding (MS949 actually) to copy filtered resources, i.e. build is platform dependent!
2021-10-26 17:16:08,809 [Worker-9: Building] INFO  o.e.m.c.i.embedder.EclipseLogger - skip non existing resourceDirectory C:\Users\ebyul\OneDrive\바탕 화면\코리아\백엔드2\김준일강사\workspace\JspStudy\src\test\resources
2021-10-26 17:16:10,180 [Worker-2: Updating Maven Dependencies] INFO  o.e.m.c.i.l.LifecycleMappingFactory - Using org.maven.ide.eclipse.wtp.WarLifecycleMapping lifecycle mapping for MavenProject: JspStudy:JspStudy:0.0.1-SNAPSHOT @ C:\Users\ebyul\OneDrive\바탕 화면\코리아\백엔드2\김준일강사\workspace\JspStudy\pom.xml.
2021-10-26 17:16:10,975 [Worker-6: Building] WARN  o.e.m.c.i.embedder.EclipseLogger - Using platform encoding (MS949 actually) to copy filtered resources, i.e. build is platform dependent!
2021-10-26 17:16:10,977 [Worker-6: Building] INFO  o.e.m.c.i.embedder.EclipseLogger - skip non existing resourceDirectory C:\Users\ebyul\OneDrive\바탕 화면\코리아\백엔드2\김준일강사\workspace\JspStudy\src\main\resources
2021-10-26 17:16:10,981 [Worker-6: Building] WARN  o.e.m.c.i.embedder.EclipseLogger - Using platform encoding (MS949 actually) to copy filtered resources, i.e. build is platform dependent!
2021-10-26 17:16:10,983 [Worker-6: Building] INFO  o.e.m.c.i.embedder.EclipseLogger - skip non existing resourceDirectory C:\Users\ebyul\OneDrive\바탕 화면\코리아\백엔드2\김준일강사\workspace\JspStudy\src\test\resources
2021-10-26 17:18:36,261 [Worker-7: Building] INFO  o.e.m.c.i.l.LifecycleMappingFactory - Using org.maven.ide.eclipse.wtp.WarLifecycleMapping lifecycle mapping for MavenProject: kakao_web_donguk:kakao_web_donguk:0.0.1-SNAPSHOT @ C:\Users\ebyul\OneDrive\바탕 화면\코리아\백엔드2\html-css-javascript\kakao_web_donguk\pom.xml.
2021-10-26 17:18:36,371 [Worker-7: Building] WARN  o.e.m.c.i.embedder.EclipseLogger - Using platform encoding (MS949 actually) to copy filtered resources, i.e. build is platform dependent!
2021-10-26 17:18:36,373 [Worker-7: Building] INFO  o.e.m.c.i.embedder.EclipseLogger - skip non existing resourceDirectory C:\Users\ebyul\OneDrive\바탕 화면\코리아\백엔드2\html-css-javascript\kakao_web_donguk\src\main\resources
2021-10-26 17:18:36,375 [Worker-7: Building] WARN  o.e.m.c.i.embedder.EclipseLogger - Using platform encoding (MS949 actually) to copy filtered resources, i.e. build is platform dependent!
2021-10-26 17:18:36,375 [Worker-7: Building] INFO  o.e.m.c.i.embedder.EclipseLogger - skip non existing resourceDirectory C:\Users\ebyul\OneDrive\바탕 화면\코리아\백엔드2\html-css-javascript\kakao_web_donguk\src\test\resources
2021-10-26 17:18:36,657 [Worker-7: Updating Maven Dependencies] INFO  o.e.m.c.i.l.LifecycleMappingFactory - Using org.maven.ide.eclipse.wtp.WarLifecycleMapping lifecycle mapping for MavenProject: kakao_web_donguk:kakao_web_donguk:0.0.1-SNAPSHOT @ C:\Users\ebyul\OneDrive\바탕 화면\코리아\백엔드2\html-css-javascript\kakao_web_donguk\pom.xml.
2021-10-26 17:18:37,958 [Worker-15: Building] WARN  o.e.m.c.i.embedder.EclipseLogger - Using platform encoding (MS949 actually) to copy filtered resources, i.e. build is platform dependent!
2021-10-26 17:18:37,960 [Worker-15: Building] INFO  o.e.m.c.i.embedder.EclipseLogger - skip non existing resourceDirectory C:\Users\ebyul\OneDrive\바탕 화면\코리아\백엔드2\html-css-javascript\kakao_web_donguk\src\main\resources
2021-10-26 17:18:37,962 [Worker-15: Building] WARN  o.e.m.c.i.embedder.EclipseLogger - Using platform encoding (MS949 actually) to copy filtered resources, i.e. build is platform dependent!
2021-10-26 17:18:37,964 [Worker-15: Building] INFO  o.e.m.c.i.embedder.EclipseLogger - skip non existing resourceDirectory C:\Users\ebyul\OneDrive\바탕 화면\코리아\백엔드2\html-css-javascript\kakao_web_donguk\src\test\resources
2021-10-26 17:24:15,829 [Worker-0: Loading available Gradle versions] INFO  o.e.b.c.i.u.g.PublishedGradleVersions - Gradle version information cache is up-to-date. Trying to read.
